# JRE version: OpenJDK Runtime Environment GraalVM CE 22.3.0 (17.0.5+8) (build 17.0.5+8-jvmci-22.3-b08)
# Java VM: OpenJDK 64-Bit Server VM GraalVM CE 22.3.0 (17.0.5+8-jvmci-22.3-b08, mixed mode, sharing, tiered, jvmci, jvmci compiler, compressed oops, compressed class ptrs, parallel gc, linux-amd64)
GC Precious Log:
 CPUs: 8 total, 1 available
 Memory: 1024M
 Large Page Support: Disabled
 NUMA Support: Disabled
 Compressed Oops: Enabled (32-bit)
 Alignments: Space 512K, Generation 512K, Heap 2M
 Heap Min Capacity: 100M
 Heap Initial Capacity: 100M
 Heap Max Capacity: 512M
 Pre-touch: Disabled
 Parallel Workers: 1
Heap:
 PSYoungGen      total 38912K, used 30720K [0x00000000f5580000, 0x00000000f8a00000, 0x0000000100000000)
  eden space 30720K, 100% used [0x00000000f5580000,0x00000000f7380000,0x00000000f7380000)
  from space 8192K, 0% used [0x00000000f8200000,0x00000000f8200000,0x00000000f8a00000)
  to   space 11264K, 0% used [0x00000000f7380000,0x00000000f7380000,0x00000000f7e80000)
 ParOldGen       total 349696K, used 349695K [0x00000000e0000000, 0x00000000f5580000, 0x00000000f5580000)
  object space 349696K, 99% used [0x00000000e0000000,0x00000000f557fff0,0x00000000f5580000)
 Metaspace       used 59479K, committed 60672K, reserved 1105920K
  class space    used 5923K, committed 6400K, reserved 1048576K
GC Heap History (20 events):
Event: 617.087 GC heap before
{Heap before GC invocations=516 (full 418):
 PSYoungGen      total 38912K, used 30720K [0x00000000f5580000, 0x00000000f8a00000, 0x0000000100000000)
  eden space 30720K, 100% used [0x00000000f5580000,0x00000000f7380000,0x00000000f7380000)
  from space 8192K, 0% used [0x00000000f8200000,0x00000000f8200000,0x00000000f8a00000)
  to   space 11264K, 0% used [0x00000000f7380000,0x00000000f7380000,0x00000000f7e80000)
 ParOldGen       total 349696K, used 349695K [0x00000000e0000000, 0x00000000f5580000, 0x00000000f5580000)
  object space 349696K, 99% used [0x00000000e0000000,0x00000000f557ffc8,0x00000000f5580000)
 Metaspace       used 59478K, committed 60672K, reserved 1105920K
  class space    used 5923K, committed 6400K, reserved 1048576K
}
Event: 618.395 GC heap after
{Heap after GC invocations=516 (full 418):
 PSYoungGen      total 41984K, used 30719K [0x00000000f5580000, 0x00000000f8a00000, 0x0000000100000000)
  eden space 30720K, 99% used [0x00000000f5580000,0x00000000f737fff0,0x00000000f7380000)
  from space 11264K, 0% used [0x00000000f7380000,0x00000000f7380000,0x00000000f7e80000)
  to   space 8192K, 0% used [0x00000000f8200000,0x00000000f8200000,0x00000000f8a00000)
 ParOldGen       total 349696K, used 349695K [0x00000000e0000000, 0x00000000f5580000, 0x00000000f5580000)
  object space 349696K, 99% used [0x00000000e0000000,0x00000000f557ffc8,0x00000000f5580000)
 Metaspace       used 59478K, committed 60672K, reserved 1105920K
  class space    used 5923K, committed 6400K, reserved 1048576K
}
Event: 618.395 GC heap before
{Heap before GC invocations=517 (full 419):
 PSYoungGen      total 41984K, used 30720K [0x00000000f5580000, 0x00000000f8a00000, 0x0000000100000000)
  eden space 30720K, 100% used [0x00000000f5580000,0x00000000f7380000,0x00000000f7380000)
  from space 11264K, 0% used [0x00000000f7380000,0x00000000f7380000,0x00000000f7e80000)
  to   space 8192K, 0% used [0x00000000f8200000,0x00000000f8200000,0x00000000f8a00000)
 ParOldGen       total 349696K, used 349695K [0x00000000e0000000, 0x00000000f5580000, 0x00000000f5580000)
  object space 349696K, 99% used [0x00000000e0000000,0x00000000f557fff8,0x00000000f5580000)
 Metaspace       used 59478K, committed 60672K, reserved 1105920K
  class space    used 5923K, committed 6400K, reserved 1048576K
}
Event: 619.673 GC heap after
{Heap after GC invocations=517 (full 419):
 PSYoungGen      total 38912K, used 30719K [0x00000000f5580000, 0x00000000f8a00000, 0x0000000100000000)
  eden space 30720K, 99% used [0x00000000f5580000,0x00000000f737fff0,0x00000000f7380000)
  from space 8192K, 0% used [0x00000000f8200000,0x00000000f8200000,0x00000000f8a00000)
  to   space 11264K, 0% used [0x00000000f7380000,0x00000000f7380000,0x00000000f7e80000)
 ParOldGen       total 349696K, used 349695K [0x00000000e0000000, 0x00000000f5580000, 0x00000000f5580000)
  object space 349696K, 99% used [0x00000000e0000000,0x00000000f557fff8,0x00000000f5580000)
 Metaspace       used 59478K, committed 60672K, reserved 1105920K
  class space    used 5923K, committed 6400K, reserved 1048576K
}
Event: 619.673 GC heap before
{Heap before GC invocations=518 (full 420):
 PSYoungGen      total 38912K, used 30719K [0x00000000f5580000, 0x00000000f8a00000, 0x0000000100000000)
  eden space 30720K, 99% used [0x00000000f5580000,0x00000000f737fff0,0x00000000f7380000)
  from space 8192K, 0% used [0x00000000f8200000,0x00000000f8200000,0x00000000f8a00000)
  to   space 11264K, 0% used [0x00000000f7380000,0x00000000f7380000,0x00000000f7e80000)
 ParOldGen       total 349696K, used 349695K [0x00000000e0000000, 0x00000000f5580000, 0x00000000f5580000)
  object space 349696K, 99% used [0x00000000e0000000,0x00000000f557fff8,0x00000000f5580000)
 Metaspace       used 59478K, committed 60672K, reserved 1105920K
  class space    used 5923K, committed 6400K, reserved 1048576K
}
Event: 620.854 GC heap after
{Heap after GC invocations=518 (full 420):
 PSYoungGen      total 41984K, used 30719K [0x00000000f5580000, 0x00000000f8a00000, 0x0000000100000000)
  eden space 30720K, 99% used [0x00000000f5580000,0x00000000f737fff0,0x00000000f7380000)
  from space 11264K, 0% used [0x00000000f7380000,0x00000000f7380000,0x00000000f7e80000)
  to   space 8192K, 0% used [0x00000000f8200000,0x00000000f8200000,0x00000000f8a00000)
 ParOldGen       total 349696K, used 349695K [0x00000000e0000000, 0x00000000f5580000, 0x00000000f5580000)
  object space 349696K, 99% used [0x00000000e0000000,0x00000000f557fff8,0x00000000f5580000)
 Metaspace       used 59478K, committed 60672K, reserved 1105920K
  class space    used 5923K, committed 6400K, reserved 1048576K
}
Event: 620.855 GC heap before
{Heap before GC invocations=519 (full 421):
 PSYoungGen      total 41984K, used 30719K [0x00000000f5580000, 0x00000000f8a00000, 0x0000000100000000)
  eden space 30720K, 99% used [0x00000000f5580000,0x00000000f737fff0,0x00000000f7380000)
  from space 11264K, 0% used [0x00000000f7380000,0x00000000f7380000,0x00000000f7e80000)
  to   space 8192K, 0% used [0x00000000f8200000,0x00000000f8200000,0x00000000f8a00000)
 ParOldGen       total 349696K, used 349695K [0x00000000e0000000, 0x00000000f5580000, 0x00000000f5580000)
  object space 349696K, 99% used [0x00000000e0000000,0x00000000f557fff8,0x00000000f5580000)
 Metaspace       used 59478K, committed 60672K, reserved 1105920K
  class space    used 5923K, committed 6400K, reserved 1048576K
}
Event: 622.154 GC heap after
{Heap after GC invocations=519 (full 421):
 PSYoungGen      total 38912K, used 30719K [0x00000000f5580000, 0x00000000f8a00000, 0x0000000100000000)
  eden space 30720K, 99% used [0x00000000f5580000,0x00000000f737ff50,0x00000000f7380000)
  from space 8192K, 0% used [0x00000000f8200000,0x00000000f8200000,0x00000000f8a00000)
  to   space 11264K, 0% used [0x00000000f7380000,0x00000000f7380000,0x00000000f7e80000)
 ParOldGen       total 349696K, used 349693K [0x00000000e0000000, 0x00000000f5580000, 0x00000000f5580000)
  object space 349696K, 99% used [0x00000000e0000000,0x00000000f557f6d8,0x00000000f5580000)
 Metaspace       used 59478K, committed 60672K, reserved 1105920K
  class space    used 5923K, committed 6400K, reserved 1048576K
}
Event: 622.155 GC heap before
{Heap before GC invocations=520 (full 422):
 PSYoungGen      total 38912K, used 30719K [0x00000000f5580000, 0x00000000f8a00000, 0x0000000100000000)
  eden space 30720K, 99% used [0x00000000f5580000,0x00000000f737fff8,0x00000000f7380000)
  from space 8192K, 0% used [0x00000000f8200000,0x00000000f8200000,0x00000000f8a00000)
  to   space 11264K, 0% used [0x00000000f7380000,0x00000000f7380000,0x00000000f7e80000)
 ParOldGen       total 349696K, used 349693K [0x00000000e0000000, 0x00000000f5580000, 0x00000000f5580000)
  object space 349696K, 99% used [0x00000000e0000000,0x00000000f557f6d8,0x00000000f5580000)
 Metaspace       used 59478K, committed 60672K, reserved 1105920K
  class space    used 5923K, committed 6400K, reserved 1048576K
}
Event: 623.378 GC heap after
{Heap after GC invocations=520 (full 422):
 PSYoungGen      total 41984K, used 30719K [0x00000000f5580000, 0x00000000f8a00000, 0x0000000100000000)
  eden space 30720K, 99% used [0x00000000f5580000,0x00000000f737ff78,0x00000000f7380000)
  from space 11264K, 0% used [0x00000000f7380000,0x00000000f7380000,0x00000000f7e80000)
  to   space 8192K, 0% used [0x00000000f8200000,0x00000000f8200000,0x00000000f8a00000)
 ParOldGen       total 349696K, used 349693K [0x00000000e0000000, 0x00000000f5580000, 0x00000000f5580000)
  object space 349696K, 99% used [0x00000000e0000000,0x00000000f557f6d8,0x00000000f5580000)
 Metaspace       used 59478K, committed 60672K, reserved 1105920K
  class space    used 5923K, committed 6400K, reserved 1048576K
}
Event: 623.378 GC heap before
{Heap before GC invocations=521 (full 423):
 PSYoungGen      total 41984K, used 30719K [0x00000000f5580000, 0x00000000f8a00000, 0x0000000100000000)
  eden space 30720K, 99% used [0x00000000f5580000,0x00000000f737fff8,0x00000000f7380000)
  from space 11264K, 0% used [0x00000000f7380000,0x00000000f7380000,0x00000000f7e80000)
  to   space 8192K, 0% used [0x00000000f8200000,0x00000000f8200000,0x00000000f8a00000)
 ParOldGen       total 349696K, used 349693K [0x00000000e0000000, 0x00000000f5580000, 0x00000000f5580000)
  object space 349696K, 99% used [0x00000000e0000000,0x00000000f557f6d8,0x00000000f5580000)
 Metaspace       used 59478K, committed 60672K, reserved 1105920K
  class space    used 5923K, committed 6400K, reserved 1048576K
}
Event: 624.679 GC heap after
{Heap after GC invocations=521 (full 423):
 PSYoungGen      total 38912K, used 30719K [0x00000000f5580000, 0x00000000f8a00000, 0x0000000100000000)
  eden space 30720K, 99% used [0x00000000f5580000,0x00000000f737ff78,0x00000000f7380000)
  from space 8192K, 0% used [0x00000000f8200000,0x00000000f8200000,0x00000000f8a00000)
  to   space 11264K, 0% used [0x00000000f7380000,0x00000000f7380000,0x00000000f7e80000)
 ParOldGen       total 349696K, used 349693K [0x00000000e0000000, 0x00000000f5580000, 0x00000000f5580000)
  object space 349696K, 99% used [0x00000000e0000000,0x00000000f557f6d8,0x00000000f5580000)
 Metaspace       used 59478K, committed 60672K, reserved 1105920K
  class space    used 5923K, committed 6400K, reserved 1048576K
}
Event: 624.679 GC heap before
{Heap before GC invocations=522 (full 424):
 PSYoungGen      total 38912K, used 30719K [0x00000000f5580000, 0x00000000f8a00000, 0x0000000100000000)
  eden space 30720K, 99% used [0x00000000f5580000,0x00000000f737fff0,0x00000000f7380000)
  from space 8192K, 0% used [0x00000000f8200000,0x00000000f8200000,0x00000000f8a00000)
  to   space 11264K, 0% used [0x00000000f7380000,0x00000000f7380000,0x00000000f7e80000)
 ParOldGen       total 349696K, used 349693K [0x00000000e0000000, 0x00000000f5580000, 0x00000000f5580000)
  object space 349696K, 99% used [0x00000000e0000000,0x00000000f557f6d8,0x00000000f5580000)
 Metaspace       used 59478K, committed 60672K, reserved 1105920K
  class space    used 5923K, committed 6400K, reserved 1048576K
}
Event: 625.970 GC heap after
{Heap after GC invocations=522 (full 424):
 PSYoungGen      total 41984K, used 30719K [0x00000000f5580000, 0x00000000f8a00000, 0x0000000100000000)
  eden space 30720K, 99% used [0x00000000f5580000,0x00000000f737ffc0,0x00000000f7380000)
  from space 11264K, 0% used [0x00000000f7380000,0x00000000f7380000,0x00000000f7e80000)
  to   space 8192K, 0% used [0x00000000f8200000,0x00000000f8200000,0x00000000f8a00000)
 ParOldGen       total 349696K, used 349693K [0x00000000e0000000, 0x00000000f5580000, 0x00000000f5580000)
  object space 349696K, 99% used [0x00000000e0000000,0x00000000f557f6d8,0x00000000f5580000)
 Metaspace       used 59478K, committed 60672K, reserved 1105920K
  class space    used 5923K, committed 6400K, reserved 1048576K
}
Event: 625.970 GC heap before
{Heap before GC invocations=523 (full 425):
 PSYoungGen      total 41984K, used 30719K [0x00000000f5580000, 0x00000000f8a00000, 0x0000000100000000)
  eden space 30720K, 99% used [0x00000000f5580000,0x00000000f737fff0,0x00000000f7380000)
  from space 11264K, 0% used [0x00000000f7380000,0x00000000f7380000,0x00000000f7e80000)
  to   space 8192K, 0% used [0x00000000f8200000,0x00000000f8200000,0x00000000f8a00000)
 ParOldGen       total 349696K, used 349693K [0x00000000e0000000, 0x00000000f5580000, 0x00000000f5580000)
  object space 349696K, 99% used [0x00000000e0000000,0x00000000f557f6d8,0x00000000f5580000)
 Metaspace       used 59478K, committed 60672K, reserved 1105920K
  class space    used 5923K, committed 6400K, reserved 1048576K
}
Event: 627.193 GC heap after
{Heap after GC invocations=523 (full 425):
 PSYoungGen      total 38912K, used 30719K [0x00000000f5580000, 0x00000000f8a00000, 0x0000000100000000)
  eden space 30720K, 99% used [0x00000000f5580000,0x00000000f737fff0,0x00000000f7380000)
  from space 8192K, 0% used [0x00000000f8200000,0x00000000f8200000,0x00000000f8a00000)
  to   space 11264K, 0% used [0x00000000f7380000,0x00000000f7380000,0x00000000f7e80000)
 ParOldGen       total 349696K, used 349693K [0x00000000e0000000, 0x00000000f5580000, 0x00000000f5580000)
  object space 349696K, 99% used [0x00000000e0000000,0x00000000f557f6b8,0x00000000f5580000)
 Metaspace       used 59478K, committed 60672K, reserved 1105920K
  class space    used 5923K, committed 6400K, reserved 1048576K
}
Event: 627.193 GC heap before
{Heap before GC invocations=524 (full 426):
 PSYoungGen      total 38912K, used 30720K [0x00000000f5580000, 0x00000000f8a00000, 0x0000000100000000)
  eden space 30720K, 100% used [0x00000000f5580000,0x00000000f7380000,0x00000000f7380000)
  from space 8192K, 0% used [0x00000000f8200000,0x00000000f8200000,0x00000000f8a00000)
  to   space 11264K, 0% used [0x00000000f7380000,0x00000000f7380000,0x00000000f7e80000)
 ParOldGen       total 349696K, used 349695K [0x00000000e0000000, 0x00000000f5580000, 0x00000000f5580000)
  object space 349696K, 99% used [0x00000000e0000000,0x00000000f557fe70,0x00000000f5580000)
 Metaspace       used 59478K, committed 60672K, reserved 1105920K
  class space    used 5923K, committed 6400K, reserved 1048576K
}
Event: 628.481 GC heap after
{Heap after GC invocations=524 (full 426):
 PSYoungGen      total 41984K, used 30719K [0x00000000f5580000, 0x00000000f8a00000, 0x0000000100000000)
  eden space 30720K, 99% used [0x00000000f5580000,0x00000000f737fff0,0x00000000f7380000)
  from space 11264K, 0% used [0x00000000f7380000,0x00000000f7380000,0x00000000f7e80000)
  to   space 8192K, 0% used [0x00000000f8200000,0x00000000f8200000,0x00000000f8a00000)
 ParOldGen       total 349696K, used 349694K [0x00000000e0000000, 0x00000000f5580000, 0x00000000f5580000)
  object space 349696K, 99% used [0x00000000e0000000,0x00000000f557fbb0,0x00000000f5580000)
 Metaspace       used 59478K, committed 60672K, reserved 1105920K
  class space    used 5923K, committed 6400K, reserved 1048576K
}
Event: 628.481 GC heap before
{Heap before GC invocations=525 (full 427):
 PSYoungGen      total 41984K, used 30719K [0x00000000f5580000, 0x00000000f8a00000, 0x0000000100000000)
  eden space 30720K, 99% used [0x00000000f5580000,0x00000000f737fff0,0x00000000f7380000)
  from space 11264K, 0% used [0x00000000f7380000,0x00000000f7380000,0x00000000f7e80000)
  to   space 8192K, 0% used [0x00000000f8200000,0x00000000f8200000,0x00000000f8a00000)
 ParOldGen       total 349696K, used 349694K [0x00000000e0000000, 0x00000000f5580000, 0x00000000f5580000)
  object space 349696K, 99% used [0x00000000e0000000,0x00000000f557fbb0,0x00000000f5580000)
 Metaspace       used 59478K, committed 60672K, reserved 1105920K
  class space    used 5923K, committed 6400K, reserved 1048576K
}
Event: 629.761 GC heap after
{Heap after GC invocations=525 (full 427):
 PSYoungGen      total 38912K, used 30719K [0x00000000f5580000, 0x00000000f8a00000, 0x0000000100000000)
  eden space 30720K, 99% used [0x00000000f5580000,0x00000000f737fff0,0x00000000f7380000)
  from space 8192K, 0% used [0x00000000f8200000,0x00000000f8200000,0x00000000f8a00000)
  to   space 11264K, 0% used [0x00000000f7380000,0x00000000f7380000,0x00000000f7e80000)
 ParOldGen       total 349696K, used 349694K [0x00000000e0000000, 0x00000000f5580000, 0x00000000f5580000)
  object space 349696K, 99% used [0x00000000e0000000,0x00000000f557fbb0,0x00000000f5580000)
 Metaspace       used 59478K, committed 60672K, reserved 1105920K
  class space    used 5923K, committed 6400K, reserved 1048576K
}

